BSPC version 2.1c, Oct 22 2001 13:38:08 by Mr Elusive
threads = 1
using cfg file aascfg_lg.c
bsp2aas: ..\main\maps\test_box.bsp to ..\main\maps\test_box_b1.aas
-- Q3_LoadMapFromBSP --
Loading map from ..\main\maps\test_box.bsp...
creating planar surface planes...
searching visible brush sides...
     0 brush sides108 brush sides textured out of 168
-------- Brush CSG ---------
    88 original brushes
    84 output brushes
-------- Brush BSP ---------
    84 brushes
   414 visible faces
     0 nonvisible faces
   627 total sides
Win32 multi-threading
     1 threads max
depth first bsp building
  3247 splits
   430 KB of peak total bsp memory
BSP tree created in     0 seconds
------- Prune Nodes --------
 2204 pruned nodes
---- Node Portalization ----
  1043 nodes portalized
    78 tiny portals
   184 KB of portal memory
   341 KB of winding memory
------ FloodEntities -------
------- FillOutside --------
  217 solid leaves
   26 leaves filled
  279 inside leaves
AAS_CreateAreas
   279 areas created
AAS_MergeAreaFaces
    36 face merges
AAS_GravitationalSubdivision
     9 gravitational subdivisions
AAS_MergeAreaFaces
     0 face merges
AAS_MergeAreas
   145 areas merged
AAS_PruneNodes
   139 nodes pruned
   143 areas checked for shared face flipping
AAS_MergeAreaFaces
   316 face merges
AAS_MergePlaneFaces
    12 plane face merges
AAS_LadderSubdivision
     0 ladder subdivisions
AAS_MeltAreaFaceWindings
   551 edges melted
AAS_RemoveTinyFaces
10 tiny faces removed
AAS_CreateAreaSettings
allocated 204 KB and 604 bytes of AAS memory
AAS_StoreFile
AAS_GetFace: face 90 had degenerate edge 3-4
AAS_GetFace: face 98 had degenerate edge 0-1
AAS_GetFace: face 145 had degenerate edge 0-1
AAS_GetFace: face 161 had degenerate edge 3-4
AAS_GetFace: face 163 had degenerate edge 3-0
AAS_GetFace: face 437 had degenerate edge 2-3
AAS_GetFace: face 522 had degenerate edge 2-3
   144 areas stored

AAS created in     0 seconds
loading collision map...
CM_LoadMap( ..\main\maps\test_box.bsp, 0 )
0 weapon jump areas
calculating reachability...

please wait while storing reachability...
AAS_Reachability_Elevator
     0 reach swim
    66 reach equal floor
     0 reach step
     0 reach barrier
     0 reach waterjump
    13 reach walkoffledge
     0 reach jump
     0 reach ladder
     0 reach walk
     0 reach teleport
     0 reach funcbob
     0 reach elevator
     0 reach grapple
     0 reach rocketjump
     0 reach jumppad
calculating clusters...
     0 forced portals
possible portal: 133
possible portal: 131
portal 1: area 131
portal 2: area 133
portal area 131 has no front cluster
portal 1: area 133

     2 portals created
     3 clusters created
cluster 1 has 23 reachability areas
cluster 2 has 2 reachability areas
    25 total reachability areas
  1749 AAS memory/CPU usage (the lower the better)
writing ..\main\maps\test_box_b1.aas
numvertexes = 665
numplanes = 236
numedges = 1452
edgeindexsize = 3865
numfaces = 833
faceindexsize = 1324
numareas = 144
numareasettings = 144
reachabilitysize = 80
numnodes = 392
numportals = 2
portalindexsize = 2
numclusters = 3
    66 walk
     0 crouch
     0 barrier jump
     0 jump
     0 ladder
    13 walk off ledge
     0 swim
     0 water jump
     0 teleport
     0 elevator
     0 rocket jump
     0 bfg jump
     0 grapple hook
     0 double jump
     0 ramp jump
     0 strafe jump
     0 jump pad
     0 func bob
freed 204 KB and 604 bytes of AAS memory
